0 info it worked if it ends with ok
1 verbose cli [ 'node', '/usr/bin/npm', 'install', 'n', '-g', 'heroku' ]
2 info using npm@1.3.6
3 info using node@v0.10.48
4 verbose cache add [ 'n', null ]
5 verbose cache add name=undefined spec="n" args=["n",null]
6 verbose parsed url { protocol: null,
6 verbose parsed url   slashes: null,
6 verbose parsed url   auth: null,
6 verbose parsed url   host: null,
6 verbose parsed url   port: null,
6 verbose parsed url   hostname: null,
6 verbose parsed url   hash: null,
6 verbose parsed url   search: null,
6 verbose parsed url   query: null,
6 verbose parsed url   pathname: 'n',
6 verbose parsed url   path: 'n',
6 verbose parsed url   href: 'n' }
7 verbose cache add [ 'heroku', null ]
8 verbose cache add name=undefined spec="heroku" args=["heroku",null]
9 verbose parsed url { protocol: null,
9 verbose parsed url   slashes: null,
9 verbose parsed url   auth: null,
9 verbose parsed url   host: null,
9 verbose parsed url   port: null,
9 verbose parsed url   hostname: null,
9 verbose parsed url   hash: null,
9 verbose parsed url   search: null,
9 verbose parsed url   query: null,
9 verbose parsed url   pathname: 'heroku',
9 verbose parsed url   path: 'heroku',
9 verbose parsed url   href: 'heroku' }
10 silly lockFile d1854cae-n n
11 verbose lock n /root/.npm/d1854cae-n.lock
12 silly lockFile 9aef5f5a-heroku heroku
13 verbose lock heroku /root/.npm/9aef5f5a-heroku.lock
14 silly lockFile d1854cae-n n
15 silly lockFile d1854cae-n n
16 verbose addNamed [ 'n', '' ]
17 verbose addNamed [ null, '*' ]
18 silly lockFile 6b58d7dc-n n@
19 verbose lock n@ /root/.npm/6b58d7dc-n.lock
20 silly lockFile 9aef5f5a-heroku heroku
21 silly lockFile 9aef5f5a-heroku heroku
22 verbose addNamed [ 'heroku', '' ]
23 verbose addNamed [ null, '*' ]
24 silly lockFile 91601de1-heroku heroku@
25 verbose lock heroku@ /root/.npm/91601de1-heroku.lock
26 silly addNameRange { name: 'n', range: '*', hasData: false }
27 verbose url raw n
28 verbose url resolving [ 'https://registry.npmjs.org/', './n' ]
29 verbose url resolved https://registry.npmjs.org/n
30 info trying registry request attempt 1 at 10:40:17
31 http GET https://registry.npmjs.org/n
32 silly addNameRange { name: 'heroku', range: '*', hasData: false }
33 verbose url raw heroku
34 verbose url resolving [ 'https://registry.npmjs.org/', './heroku' ]
35 verbose url resolved https://registry.npmjs.org/heroku
36 info trying registry request attempt 1 at 10:40:17
37 http GET https://registry.npmjs.org/heroku
38 info retry will retry, error on last attempt: Error: UNABLE_TO_GET_ISSUER_CERT_LOCALLY
39 info retry will retry, error on last attempt: Error: UNABLE_TO_GET_ISSUER_CERT_LOCALLY
40 info trying registry request attempt 2 at 10:40:27
41 http GET https://registry.npmjs.org/n
42 info trying registry request attempt 2 at 10:40:27
43 http GET https://registry.npmjs.org/heroku
44 info retry will retry, error on last attempt: Error: UNABLE_TO_GET_ISSUER_CERT_LOCALLY
45 info retry will retry, error on last attempt: Error: UNABLE_TO_GET_ISSUER_CERT_LOCALLY
46 info trying registry request attempt 3 at 10:41:27
47 http GET https://registry.npmjs.org/heroku
48 info trying registry request attempt 3 at 10:41:27
49 http GET https://registry.npmjs.org/n
50 silly lockFile 6b58d7dc-n n@
51 silly lockFile 6b58d7dc-n n@
52 error Error: UNABLE_TO_GET_ISSUER_CERT_LOCALLY
52 error     at SecurePair.<anonymous> (tls.js:1430:32)
52 error     at SecurePair.emit (events.js:92:17)
52 error     at SecurePair.maybeInitFinished (tls.js:1029:10)
52 error     at CleartextStream.read [as _read] (tls.js:521:13)
52 error     at CleartextStream.Readable.read (_stream_readable.js:341:10)
52 error     at EncryptedStream.write [as _write] (tls.js:418:25)
52 error     at doWrite (_stream_writable.js:226:10)
52 error     at writeOrBuffer (_stream_writable.js:216:5)
52 error     at EncryptedStream.Writable.write (_stream_writable.js:183:11)
52 error     at write (_stream_readable.js:602:24)
53 error If you need help, you may report this log at:
53 error     <http://github.com/isaacs/npm/issues>
53 error or email it to:
53 error     <npm-@googlegroups.com>
54 error System Linux 4.14.33-51.37.amzn1.x86_64
55 error command "node" "/usr/bin/npm" "install" "n" "-g" "heroku"
56 error cwd /home/ec2-user/environment/saasapp
57 error node -v v0.10.48
58 error npm -v 1.3.6
59 verbose exit [ 1, true ]
